2019-12-21 at 12:03:11 CST INFO  [Test worker] com.example.demo.DemoApplicationTests 55 logStarting - Starting DemoApplicationTests on PC-20190922WBTO with PID 1924 (started by Administrator in E:\Projects\demo)
2019-12-21 at 12:03:11 CST INFO  [Test worker] com.example.demo.DemoApplicationTests 651 logStartupProfileInfo - No active profile set, falling back to default profiles: default
2019-12-21 at 12:03:17 CST WARN  [Test worker] org.springframework.boot.autoconfigure.orm.jpa.JpaBaseConfiguration$JpaWebConfiguration 220 openEntityManagerInViewInterceptor - spring.jpa.open-in-view is enabled by default. Therefore, database queries may be performed during view rendering. Explicitly configure spring.jpa.open-in-view to disable this warning
2019-12-21 at 12:03:19 CST INFO  [Test worker] com.example.demo.DemoApplicationTests 61 logStarted - Started DemoApplicationTests in 7.989 seconds (JVM running for 9.999)
2019-12-21 at 12:29:49 CST INFO  [Test worker] com.example.demo.DemoApplicationTests 55 logStarting - Starting DemoApplicationTests on PC-20190922WBTO with PID 8096 (started by Administrator in E:\Projects\demo)
2019-12-21 at 12:29:49 CST INFO  [Test worker] com.example.demo.DemoApplicationTests 651 logStartupProfileInfo - No active profile set, falling back to default profiles: default
2019-12-21 at 12:29:55 CST WARN  [Test worker] org.springframework.boot.autoconfigure.orm.jpa.JpaBaseConfiguration$JpaWebConfiguration 220 openEntityManagerInViewInterceptor - spring.jpa.open-in-view is enabled by default. Therefore, database queries may be performed during view rendering. Explicitly configure spring.jpa.open-in-view to disable this warning
2019-12-21 at 12:29:56 CST INFO  [Test worker] com.example.demo.DemoApplicationTests 61 logStarted - Started DemoApplicationTests in 8.217 seconds (JVM running for 10.201)
2019-12-21 at 12:32:19 CST INFO  [Test worker] com.example.demo.DemoApplicationTests 55 logStarting - Starting DemoApplicationTests on PC-20190922WBTO with PID 7016 (started by Administrator in E:\Projects\demo)
2019-12-21 at 12:32:19 CST INFO  [Test worker] com.example.demo.DemoApplicationTests 651 logStartupProfileInfo - No active profile set, falling back to default profiles: default
2019-12-21 at 12:32:25 CST WARN  [Test worker] org.springframework.boot.autoconfigure.orm.jpa.JpaBaseConfiguration$JpaWebConfiguration 220 openEntityManagerInViewInterceptor - spring.jpa.open-in-view is enabled by default. Therefore, database queries may be performed during view rendering. Explicitly configure spring.jpa.open-in-view to disable this warning
2019-12-21 at 12:32:27 CST INFO  [Test worker] com.example.demo.DemoApplicationTests 61 logStarted - Started DemoApplicationTests in 8.162 seconds (JVM running for 10.165)
2019-12-21 at 13:06:39 CST INFO  [Test worker] com.example.demo.DemoApplicationTests 55 logStarting - Starting DemoApplicationTests on PC-20190922WBTO with PID 5856 (started by Administrator in E:\Projects\demo)
2019-12-21 at 13:06:39 CST INFO  [Test worker] com.example.demo.DemoApplicationTests 651 logStartupProfileInfo - No active profile set, falling back to default profiles: default
2019-12-21 at 13:06:45 CST WARN  [Test worker] org.springframework.boot.autoconfigure.orm.jpa.JpaBaseConfiguration$JpaWebConfiguration 220 openEntityManagerInViewInterceptor - spring.jpa.open-in-view is enabled by default. Therefore, database queries may be performed during view rendering. Explicitly configure spring.jpa.open-in-view to disable this warning
2019-12-21 at 13:06:46 CST INFO  [Test worker] com.example.demo.DemoApplicationTests 61 logStarted - Started DemoApplicationTests in 8.092 seconds (JVM running for 10.099)
2019-12-21 at 13:37:17 CST INFO  [Test worker] com.example.demo.DemoApplicationTests 55 logStarting - Starting DemoApplicationTests on PC-20190922WBTO with PID 10160 (started by Administrator in E:\Projects\demo)
2019-12-21 at 13:37:17 CST INFO  [Test worker] com.example.demo.DemoApplicationTests 651 logStartupProfileInfo - No active profile set, falling back to default profiles: default
2019-12-21 at 13:37:23 CST WARN  [Test worker] org.springframework.boot.autoconfigure.orm.jpa.JpaBaseConfiguration$JpaWebConfiguration 220 openEntityManagerInViewInterceptor - spring.jpa.open-in-view is enabled by default. Therefore, database queries may be performed during view rendering. Explicitly configure spring.jpa.open-in-view to disable this warning
2019-12-21 at 13:37:25 CST INFO  [Test worker] com.example.demo.DemoApplicationTests 61 logStarted - Started DemoApplicationTests in 8.198 seconds (JVM running for 10.178)
2019-12-21 at 13:42:38 CST INFO  [Test worker] com.example.demo.DemoApplicationTests 55 logStarting - Starting DemoApplicationTests on PC-20190922WBTO with PID 2144 (started by Administrator in E:\Projects\demo)
2019-12-21 at 13:42:38 CST INFO  [Test worker] com.example.demo.DemoApplicationTests 651 logStartupProfileInfo - No active profile set, falling back to default profiles: default
2019-12-21 at 13:42:44 CST WARN  [Test worker] org.springframework.boot.autoconfigure.orm.jpa.JpaBaseConfiguration$JpaWebConfiguration 220 openEntityManagerInViewInterceptor - spring.jpa.open-in-view is enabled by default. Therefore, database queries may be performed during view rendering. Explicitly configure spring.jpa.open-in-view to disable this warning
2019-12-21 at 13:42:46 CST INFO  [Test worker] com.example.demo.DemoApplicationTests 61 logStarted - Started DemoApplicationTests in 8.148 seconds (JVM running for 10.164)
2019-12-21 at 13:45:24 CST INFO  [Test worker] com.example.demo.DemoApplicationTests 55 logStarting - Starting DemoApplicationTests on PC-20190922WBTO with PID 8152 (started by Administrator in E:\Projects\demo)
2019-12-21 at 13:45:24 CST INFO  [Test worker] com.example.demo.DemoApplicationTests 651 logStartupProfileInfo - No active profile set, falling back to default profiles: default
2019-12-21 at 13:45:30 CST WARN  [Test worker] org.springframework.boot.autoconfigure.orm.jpa.JpaBaseConfiguration$JpaWebConfiguration 220 openEntityManagerInViewInterceptor - spring.jpa.open-in-view is enabled by default. Therefore, database queries may be performed during view rendering. Explicitly configure spring.jpa.open-in-view to disable this warning
2019-12-21 at 13:45:32 CST INFO  [Test worker] com.example.demo.DemoApplicationTests 61 logStarted - Started DemoApplicationTests in 8.445 seconds (JVM running for 10.453)
2019-12-24 at 21:54:38 CST INFO  [Test worker] com.example.demo.DemoApplicationTests 55 logStarting - Starting DemoApplicationTests on PC-20190922WBTO with PID 10216 (started by Administrator in E:\Projects\demo)
2019-12-24 at 21:54:38 CST INFO  [Test worker] com.example.demo.DemoApplicationTests 651 logStartupProfileInfo - No active profile set, falling back to default profiles: default
2019-12-24 at 21:54:44 CST WARN  [Test worker] org.springframework.boot.autoconfigure.orm.jpa.JpaBaseConfiguration$JpaWebConfiguration 220 openEntityManagerInViewInterceptor - spring.jpa.open-in-view is enabled by default. Therefore, database queries may be performed during view rendering. Explicitly configure spring.jpa.open-in-view to disable this warning
2019-12-24 at 21:54:46 CST INFO  [Test worker] com.example.demo.DemoApplicationTests 61 logStarted - Started DemoApplicationTests in 8.097 seconds (JVM running for 10.005)
2019-12-24 at 22:12:02 CST INFO  [Test worker] com.example.demo.DemoApplicationTests 55 logStarting - Starting DemoApplicationTests on PC-20190922WBTO with PID 9716 (started by Administrator in E:\Projects\demo)
2019-12-24 at 22:12:02 CST INFO  [Test worker] com.example.demo.DemoApplicationTests 651 logStartupProfileInfo - No active profile set, falling back to default profiles: default
2019-12-24 at 22:12:08 CST WARN  [Test worker] org.springframework.boot.autoconfigure.orm.jpa.JpaBaseConfiguration$JpaWebConfiguration 220 openEntityManagerInViewInterceptor - spring.jpa.open-in-view is enabled by default. Therefore, database queries may be performed during view rendering. Explicitly configure spring.jpa.open-in-view to disable this warning
2019-12-24 at 22:12:10 CST INFO  [Test worker] com.example.demo.DemoApplicationTests 61 logStarted - Started DemoApplicationTests in 7.87 seconds (JVM running for 9.772)
2019-12-24 at 22:14:26 CST INFO  [Test worker] com.example.demo.DemoApplicationTests 55 logStarting - Starting DemoApplicationTests on PC-20190922WBTO with PID 10160 (started by Administrator in E:\Projects\demo)
2019-12-24 at 22:14:26 CST INFO  [Test worker] com.example.demo.DemoApplicationTests 651 logStartupProfileInfo - No active profile set, falling back to default profiles: default
2019-12-24 at 22:14:32 CST WARN  [Test worker] org.springframework.boot.autoconfigure.orm.jpa.JpaBaseConfiguration$JpaWebConfiguration 220 openEntityManagerInViewInterceptor - spring.jpa.open-in-view is enabled by default. Therefore, database queries may be performed during view rendering. Explicitly configure spring.jpa.open-in-view to disable this warning
2019-12-24 at 22:14:33 CST INFO  [Test worker] com.example.demo.DemoApplicationTests 61 logStarted - Started DemoApplicationTests in 7.896 seconds (JVM running for 9.816)
2019-12-24 at 22:18:59 CST INFO  [Test worker] com.example.demo.DemoApplicationTests 55 logStarting - Starting DemoApplicationTests on PC-20190922WBTO with PID 8804 (started by Administrator in E:\Projects\demo)
2019-12-24 at 22:18:59 CST INFO  [Test worker] com.example.demo.DemoApplicationTests 651 logStartupProfileInfo - No active profile set, falling back to default profiles: default
2019-12-24 at 22:19:05 CST WARN  [Test worker] org.springframework.boot.autoconfigure.orm.jpa.JpaBaseConfiguration$JpaWebConfiguration 220 openEntityManagerInViewInterceptor - spring.jpa.open-in-view is enabled by default. Therefore, database queries may be performed during view rendering. Explicitly configure spring.jpa.open-in-view to disable this warning
2019-12-24 at 22:19:06 CST INFO  [Test worker] com.example.demo.DemoApplicationTests 61 logStarted - Started DemoApplicationTests in 7.877 seconds (JVM running for 9.804)
2019-12-24 at 22:22:49 CST INFO  [Test worker] com.example.demo.DemoApplicationTests 55 logStarting - Starting DemoApplicationTests on PC-20190922WBTO with PID 11648 (started by Administrator in E:\Projects\demo)
2019-12-24 at 22:22:49 CST INFO  [Test worker] com.example.demo.DemoApplicationTests 651 logStartupProfileInfo - No active profile set, falling back to default profiles: default
2019-12-24 at 22:22:55 CST WARN  [Test worker] org.springframework.boot.autoconfigure.orm.jpa.JpaBaseConfiguration$JpaWebConfiguration 220 openEntityManagerInViewInterceptor - spring.jpa.open-in-view is enabled by default. Therefore, database queries may be performed during view rendering. Explicitly configure spring.jpa.open-in-view to disable this warning
2019-12-24 at 22:22:56 CST INFO  [Test worker] com.example.demo.DemoApplicationTests 61 logStarted - Started DemoApplicationTests in 8.022 seconds (JVM running for 9.903)
2019-12-24 at 22:27:24 CST INFO  [Test worker] com.example.demo.DemoApplicationTests 55 logStarting - Starting DemoApplicationTests on PC-20190922WBTO with PID 6328 (started by Administrator in E:\Projects\demo)
2019-12-24 at 22:27:24 CST INFO  [Test worker] com.example.demo.DemoApplicationTests 651 logStartupProfileInfo - No active profile set, falling back to default profiles: default
2019-12-24 at 22:27:30 CST WARN  [Test worker] org.springframework.boot.autoconfigure.orm.jpa.JpaBaseConfiguration$JpaWebConfiguration 220 openEntityManagerInViewInterceptor - spring.jpa.open-in-view is enabled by default. Therefore, database queries may be performed during view rendering. Explicitly configure spring.jpa.open-in-view to disable this warning
2019-12-24 at 22:27:32 CST INFO  [Test worker] com.example.demo.DemoApplicationTests 61 logStarted - Started DemoApplicationTests in 8.006 seconds (JVM running for 9.926)
2019-12-24 at 22:42:30 CST INFO  [Test worker] com.example.demo.DemoApplicationTests 55 logStarting - Starting DemoApplicationTests on PC-20190922WBTO with PID 11168 (started by Administrator in E:\Projects\demo)
2019-12-24 at 22:42:30 CST INFO  [Test worker] com.example.demo.DemoApplicationTests 651 logStartupProfileInfo - No active profile set, falling back to default profiles: default
2019-12-24 at 22:42:36 CST WARN  [Test worker] org.springframework.boot.autoconfigure.orm.jpa.JpaBaseConfiguration$JpaWebConfiguration 220 openEntityManagerInViewInterceptor - spring.jpa.open-in-view is enabled by default. Therefore, database queries may be performed during view rendering. Explicitly configure spring.jpa.open-in-view to disable this warning
2019-12-24 at 22:42:37 CST INFO  [Test worker] com.example.demo.DemoApplicationTests 61 logStarted - Started DemoApplicationTests in 8.303 seconds (JVM running for 10.229)
2019-12-24 at 22:44:50 CST INFO  [Test worker] com.example.demo.DemoApplicationTests 55 logStarting - Starting DemoApplicationTests on PC-20190922WBTO with PID 7644 (started by Administrator in E:\Projects\demo)
2019-12-24 at 22:44:50 CST INFO  [Test worker] com.example.demo.DemoApplicationTests 651 logStartupProfileInfo - No active profile set, falling back to default profiles: default
2019-12-24 at 22:44:57 CST WARN  [Test worker] org.springframework.boot.autoconfigure.orm.jpa.JpaBaseConfiguration$JpaWebConfiguration 220 openEntityManagerInViewInterceptor - spring.jpa.open-in-view is enabled by default. Therefore, database queries may be performed during view rendering. Explicitly configure spring.jpa.open-in-view to disable this warning
2019-12-24 at 22:44:58 CST INFO  [Test worker] com.example.demo.DemoApplicationTests 61 logStarted - Started DemoApplicationTests in 8.085 seconds (JVM running for 9.979)
2019-12-24 at 22:55:25 CST INFO  [Test worker] com.example.demo.DemoApplicationTests 55 logStarting - Starting DemoApplicationTests on PC-20190922WBTO with PID 11256 (started by Administrator in E:\Projects\demo)
2019-12-24 at 22:55:26 CST INFO  [Test worker] com.example.demo.DemoApplicationTests 651 logStartupProfileInfo - No active profile set, falling back to default profiles: default
2019-12-24 at 22:55:32 CST WARN  [Test worker] org.springframework.boot.autoconfigure.orm.jpa.JpaBaseConfiguration$JpaWebConfiguration 220 openEntityManagerInViewInterceptor - spring.jpa.open-in-view is enabled by default. Therefore, database queries may be performed during view rendering. Explicitly configure spring.jpa.open-in-view to disable this warning
2019-12-24 at 22:55:33 CST INFO  [Test worker] com.example.demo.DemoApplicationTests 61 logStarted - Started DemoApplicationTests in 8.211 seconds (JVM running for 10.098)
2019-12-24 at 23:01:17 CST INFO  [Test worker] com.example.demo.DemoApplicationTests 55 logStarting - Starting DemoApplicationTests on PC-20190922WBTO with PID 10780 (started by Administrator in E:\Projects\demo)
2019-12-24 at 23:01:17 CST INFO  [Test worker] com.example.demo.DemoApplicationTests 651 logStartupProfileInfo - No active profile set, falling back to default profiles: default
2019-12-24 at 23:01:23 CST WARN  [Test worker] org.springframework.boot.autoconfigure.orm.jpa.JpaBaseConfiguration$JpaWebConfiguration 220 openEntityManagerInViewInterceptor - spring.jpa.open-in-view is enabled by default. Therefore, database queries may be performed during view rendering. Explicitly configure spring.jpa.open-in-view to disable this warning
2019-12-24 at 23:01:24 CST INFO  [Test worker] com.example.demo.DemoApplicationTests 61 logStarted - Started DemoApplicationTests in 8.024 seconds (JVM running for 9.956)
2019-12-24 at 23:41:37 CST INFO  [Test worker] com.example.demo.DemoApplicationTests 55 logStarting - Starting DemoApplicationTests on PC-20190922WBTO with PID 8348 (started by Administrator in E:\Projects\demo)
2019-12-24 at 23:41:37 CST INFO  [Test worker] com.example.demo.DemoApplicationTests 651 logStartupProfileInfo - No active profile set, falling back to default profiles: default
2019-12-24 at 23:41:42 CST WARN  [Test worker] org.springframework.web.context.support.GenericWebApplicationContext 558 refresh - Exception encountered during context initialization - cancelling refresh attempt: org.springframework.beans.factory.UnsatisfiedDependencyException: Error creating bean with name 'studentController': Unsatisfied dependency expressed through field 'studuentRepository'; nested exception is org.springframework.beans.factory.BeanCreationException: Error creating bean with name 'studentRepository': Invocation of init method failed; nested exception is java.lang.IllegalArgumentException: Failed to create query for method public abstract java.lang.Iterable com.example.repository.StudentRepository.findAllId()! No property findAllId found for type Student!
2019-12-24 at 23:45:36 CST INFO  [Test worker] com.example.demo.DemoApplicationTests 55 logStarting - Starting DemoApplicationTests on PC-20190922WBTO with PID 10716 (started by Administrator in E:\Projects\demo)
2019-12-24 at 23:45:36 CST INFO  [Test worker] com.example.demo.DemoApplicationTests 651 logStartupProfileInfo - No active profile set, falling back to default profiles: default
2019-12-24 at 23:45:42 CST WARN  [Test worker] org.springframework.web.context.support.GenericWebApplicationContext 558 refresh - Exception encountered during context initialization - cancelling refresh attempt: org.springframework.beans.factory.UnsatisfiedDependencyException: Error creating bean with name 'studentController': Unsatisfied dependency expressed through field 'studuentRepository'; nested exception is org.springframework.beans.factory.BeanCreationException: Error creating bean with name 'studentRepository': Invocation of init method failed; nested exception is java.lang.IllegalArgumentException: Failed to create query for method public abstract java.lang.Iterable com.example.repository.StudentRepository.findIdAll()! No property findIdAll found for type Student!
2019-12-24 at 23:50:57 CST INFO  [Test worker] com.example.demo.DemoApplicationTests 55 logStarting - Starting DemoApplicationTests on PC-20190922WBTO with PID 12188 (started by Administrator in E:\Projects\demo)
2019-12-24 at 23:50:57 CST INFO  [Test worker] com.example.demo.DemoApplicationTests 651 logStartupProfileInfo - No active profile set, falling back to default profiles: default
2019-12-24 at 23:51:04 CST WARN  [Test worker] org.springframework.boot.autoconfigure.orm.jpa.JpaBaseConfiguration$JpaWebConfiguration 220 openEntityManagerInViewInterceptor - spring.jpa.open-in-view is enabled by default. Therefore, database queries may be performed during view rendering. Explicitly configure spring.jpa.open-in-view to disable this warning
2019-12-24 at 23:51:05 CST INFO  [Test worker] com.example.demo.DemoApplicationTests 61 logStarted - Started DemoApplicationTests in 8.085 seconds (JVM running for 10.0)
2019-12-24 at 23:54:26 CST INFO  [Test worker] com.example.demo.DemoApplicationTests 55 logStarting - Starting DemoApplicationTests on PC-20190922WBTO with PID 9452 (started by Administrator in E:\Projects\demo)
2019-12-24 at 23:54:27 CST INFO  [Test worker] com.example.demo.DemoApplicationTests 651 logStartupProfileInfo - No active profile set, falling back to default profiles: default
2019-12-24 at 23:54:33 CST WARN  [Test worker] org.springframework.boot.autoconfigure.orm.jpa.JpaBaseConfiguration$JpaWebConfiguration 220 openEntityManagerInViewInterceptor - spring.jpa.open-in-view is enabled by default. Therefore, database queries may be performed during view rendering. Explicitly configure spring.jpa.open-in-view to disable this warning
2019-12-24 at 23:54:34 CST INFO  [Test worker] com.example.demo.DemoApplicationTests 61 logStarted - Started DemoApplicationTests in 8.085 seconds (JVM running for 9.995)
2019-12-24 at 23:56:07 CST INFO  [Test worker] com.example.demo.DemoApplicationTests 55 logStarting - Starting DemoApplicationTests on PC-20190922WBTO with PID 11960 (started by Administrator in E:\Projects\demo)
2019-12-24 at 23:56:07 CST INFO  [Test worker] com.example.demo.DemoApplicationTests 651 logStartupProfileInfo - No active profile set, falling back to default profiles: default
2019-12-24 at 23:56:13 CST WARN  [Test worker] org.springframework.boot.autoconfigure.orm.jpa.JpaBaseConfiguration$JpaWebConfiguration 220 openEntityManagerInViewInterceptor - spring.jpa.open-in-view is enabled by default. Therefore, database queries may be performed during view rendering. Explicitly configure spring.jpa.open-in-view to disable this warning
2019-12-24 at 23:56:15 CST INFO  [Test worker] com.example.demo.DemoApplicationTests 61 logStarted - Started DemoApplicationTests in 8.082 seconds (JVM running for 9.972)
2019-12-25 at 00:01:03 CST INFO  [Test worker] com.example.demo.DemoApplicationTests 55 logStarting - Starting DemoApplicationTests on PC-20190922WBTO with PID 11840 (started by Administrator in E:\Projects\demo)
2019-12-25 at 00:01:03 CST INFO  [Test worker] com.example.demo.DemoApplicationTests 651 logStartupProfileInfo - No active profile set, falling back to default profiles: default
2019-12-25 at 00:01:09 CST WARN  [Test worker] org.springframework.boot.autoconfigure.orm.jpa.JpaBaseConfiguration$JpaWebConfiguration 220 openEntityManagerInViewInterceptor - spring.jpa.open-in-view is enabled by default. Therefore, database queries may be performed during view rendering. Explicitly configure spring.jpa.open-in-view to disable this warning
2019-12-25 at 00:01:10 CST INFO  [Test worker] com.example.demo.DemoApplicationTests 61 logStarted - Started DemoApplicationTests in 8.013 seconds (JVM running for 9.925)
2019-12-25 at 00:03:33 CST INFO  [Test worker] com.example.demo.DemoApplicationTests 55 logStarting - Starting DemoApplicationTests on PC-20190922WBTO with PID 6672 (started by Administrator in E:\Projects\demo)
2019-12-25 at 00:03:33 CST INFO  [Test worker] com.example.demo.DemoApplicationTests 651 logStartupProfileInfo - No active profile set, falling back to default profiles: default
2019-12-25 at 00:03:39 CST WARN  [Test worker] org.springframework.boot.autoconfigure.orm.jpa.JpaBaseConfiguration$JpaWebConfiguration 220 openEntityManagerInViewInterceptor - spring.jpa.open-in-view is enabled by default. Therefore, database queries may be performed during view rendering. Explicitly configure spring.jpa.open-in-view to disable this warning
2019-12-25 at 00:03:41 CST INFO  [Test worker] com.example.demo.DemoApplicationTests 61 logStarted - Started DemoApplicationTests in 7.999 seconds (JVM running for 9.901)
2019-12-25 at 00:04:57 CST INFO  [Test worker] com.example.demo.DemoApplicationTests 55 logStarting - Starting DemoApplicationTests on PC-20190922WBTO with PID 8864 (started by Administrator in E:\Projects\demo)
2019-12-25 at 00:04:57 CST INFO  [Test worker] com.example.demo.DemoApplicationTests 651 logStartupProfileInfo - No active profile set, falling back to default profiles: default
2019-12-25 at 00:05:03 CST WARN  [Test worker] org.springframework.boot.autoconfigure.orm.jpa.JpaBaseConfiguration$JpaWebConfiguration 220 openEntityManagerInViewInterceptor - spring.jpa.open-in-view is enabled by default. Therefore, database queries may be performed during view rendering. Explicitly configure spring.jpa.open-in-view to disable this warning
2019-12-25 at 00:05:05 CST INFO  [Test worker] com.example.demo.DemoApplicationTests 61 logStarted - Started DemoApplicationTests in 8.048 seconds (JVM running for 9.972)
2019-12-25 at 00:07:05 CST INFO  [Test worker] com.example.demo.DemoApplicationTests 55 logStarting - Starting DemoApplicationTests on PC-20190922WBTO with PID 12260 (started by Administrator in E:\Projects\demo)
2019-12-25 at 00:07:05 CST INFO  [Test worker] com.example.demo.DemoApplicationTests 651 logStartupProfileInfo - No active profile set, falling back to default profiles: default
2019-12-25 at 00:07:11 CST WARN  [Test worker] org.springframework.boot.autoconfigure.orm.jpa.JpaBaseConfiguration$JpaWebConfiguration 220 openEntityManagerInViewInterceptor - spring.jpa.open-in-view is enabled by default. Therefore, database queries may be performed during view rendering. Explicitly configure spring.jpa.open-in-view to disable this warning
2019-12-25 at 00:07:12 CST INFO  [Test worker] com.example.demo.DemoApplicationTests 61 logStarted - Started DemoApplicationTests in 8.161 seconds (JVM running for 10.085)
2019-12-25 at 19:38:53 CST INFO  [Test worker] com.example.demo.DemoApplicationTests 55 logStarting - Starting DemoApplicationTests on PC-20190922WBTO with PID 7996 (started by Administrator in E:\Projects\demo)
2019-12-25 at 19:38:53 CST INFO  [Test worker] com.example.demo.DemoApplicationTests 651 logStartupProfileInfo - No active profile set, falling back to default profiles: default
2019-12-25 at 19:39:00 CST WARN  [Test worker] org.springframework.boot.autoconfigure.orm.jpa.JpaBaseConfiguration$JpaWebConfiguration 220 openEntityManagerInViewInterceptor - spring.jpa.open-in-view is enabled by default. Therefore, database queries may be performed during view rendering. Explicitly configure spring.jpa.open-in-view to disable this warning
2019-12-25 at 19:39:01 CST INFO  [Test worker] com.example.demo.DemoApplicationTests 61 logStarted - Started DemoApplicationTests in 8.307 seconds (JVM running for 10.286)
2019-12-25 at 19:44:46 CST INFO  [Test worker] com.example.demo.DemoApplicationTests 55 logStarting - Starting DemoApplicationTests on PC-20190922WBTO with PID 8928 (started by Administrator in E:\Projects\demo)
2019-12-25 at 19:44:46 CST INFO  [Test worker] com.example.demo.DemoApplicationTests 651 logStartupProfileInfo - No active profile set, falling back to default profiles: default
2019-12-25 at 19:44:53 CST WARN  [Test worker] org.springframework.boot.autoconfigure.orm.jpa.JpaBaseConfiguration$JpaWebConfiguration 220 openEntityManagerInViewInterceptor - spring.jpa.open-in-view is enabled by default. Therefore, database queries may be performed during view rendering. Explicitly configure spring.jpa.open-in-view to disable this warning
2019-12-25 at 19:44:54 CST INFO  [Test worker] com.example.demo.DemoApplicationTests 61 logStarted - Started DemoApplicationTests in 8.01 seconds (JVM running for 9.991)
2019-12-25 at 19:53:34 CST INFO  [Test worker] com.example.demo.DemoApplicationTests 55 logStarting - Starting DemoApplicationTests on PC-20190922WBTO with PID 8620 (started by Administrator in E:\Projects\demo)
2019-12-25 at 19:53:34 CST INFO  [Test worker] com.example.demo.DemoApplicationTests 651 logStartupProfileInfo - No active profile set, falling back to default profiles: default
2019-12-25 at 19:53:41 CST WARN  [Test worker] org.springframework.boot.autoconfigure.orm.jpa.JpaBaseConfiguration$JpaWebConfiguration 220 openEntityManagerInViewInterceptor - spring.jpa.open-in-view is enabled by default. Therefore, database queries may be performed during view rendering. Explicitly configure spring.jpa.open-in-view to disable this warning
2019-12-25 at 19:53:42 CST INFO  [Test worker] com.example.demo.DemoApplicationTests 61 logStarted - Started DemoApplicationTests in 8.249 seconds (JVM running for 10.252)
2019-12-25 at 20:07:55 CST INFO  [Test worker] com.example.demo.DemoApplicationTests 55 logStarting - Starting DemoApplicationTests on PC-20190922WBTO with PID 8820 (started by Administrator in E:\Projects\demo)
2019-12-25 at 20:07:55 CST INFO  [Test worker] com.example.demo.DemoApplicationTests 651 logStartupProfileInfo - No active profile set, falling back to default profiles: default
2019-12-25 at 20:08:01 CST WARN  [Test worker] org.springframework.boot.autoconfigure.orm.jpa.JpaBaseConfiguration$JpaWebConfiguration 220 openEntityManagerInViewInterceptor - spring.jpa.open-in-view is enabled by default. Therefore, database queries may be performed during view rendering. Explicitly configure spring.jpa.open-in-view to disable this warning
2019-12-25 at 20:08:02 CST INFO  [Test worker] com.example.demo.DemoApplicationTests 61 logStarted - Started DemoApplicationTests in 8.201 seconds (JVM running for 10.182)
2019-12-25 at 20:17:06 CST INFO  [Test worker] com.example.demo.DemoApplicationTests 55 logStarting - Starting DemoApplicationTests on PC-20190922WBTO with PID 6656 (started by Administrator in E:\Projects\demo)
2019-12-25 at 20:17:06 CST INFO  [Test worker] com.example.demo.DemoApplicationTests 651 logStartupProfileInfo - No active profile set, falling back to default profiles: default
2019-12-25 at 20:17:12 CST WARN  [Test worker] org.springframework.boot.autoconfigure.orm.jpa.JpaBaseConfiguration$JpaWebConfiguration 220 openEntityManagerInViewInterceptor - spring.jpa.open-in-view is enabled by default. Therefore, database queries may be performed during view rendering. Explicitly configure spring.jpa.open-in-view to disable this warning
2019-12-25 at 20:17:13 CST INFO  [Test worker] com.example.demo.DemoApplicationTests 61 logStarted - Started DemoApplicationTests in 8.19 seconds (JVM running for 10.166)
2019-12-25 at 20:20:09 CST INFO  [Test worker] com.example.demo.DemoApplicationTests 55 logStarting - Starting DemoApplicationTests on PC-20190922WBTO with PID 9000 (started by Administrator in E:\Projects\demo)
2019-12-25 at 20:20:09 CST INFO  [Test worker] com.example.demo.DemoApplicationTests 651 logStartupProfileInfo - No active profile set, falling back to default profiles: default
2019-12-25 at 20:20:15 CST WARN  [Test worker] org.springframework.boot.autoconfigure.orm.jpa.JpaBaseConfiguration$JpaWebConfiguration 220 openEntityManagerInViewInterceptor - spring.jpa.open-in-view is enabled by default. Therefore, database queries may be performed during view rendering. Explicitly configure spring.jpa.open-in-view to disable this warning
2019-12-25 at 20:20:17 CST INFO  [Test worker] com.example.demo.DemoApplicationTests 61 logStarted - Started DemoApplicationTests in 8.387 seconds (JVM running for 10.365)
2019-12-25 at 20:21:31 CST INFO  [Test worker] com.example.demo.DemoApplicationTests 55 logStarting - Starting DemoApplicationTests on PC-20190922WBTO with PID 6960 (started by Administrator in E:\Projects\demo)
2019-12-25 at 20:21:31 CST INFO  [Test worker] com.example.demo.DemoApplicationTests 651 logStartupProfileInfo - No active profile set, falling back to default profiles: default
2019-12-25 at 20:21:38 CST WARN  [Test worker] org.springframework.boot.autoconfigure.orm.jpa.JpaBaseConfiguration$JpaWebConfiguration 220 openEntityManagerInViewInterceptor - spring.jpa.open-in-view is enabled by default. Therefore, database queries may be performed during view rendering. Explicitly configure spring.jpa.open-in-view to disable this warning
2019-12-25 at 20:21:39 CST INFO  [Test worker] com.example.demo.DemoApplicationTests 61 logStarted - Started DemoApplicationTests in 8.14 seconds (JVM running for 10.135)
2019-12-25 at 20:34:01 CST INFO  [Test worker] com.example.demo.DemoApplicationTests 55 logStarting - Starting DemoApplicationTests on PC-20190922WBTO with PID 7272 (started by Administrator in E:\Projects\demo)
2019-12-25 at 20:34:01 CST INFO  [Test worker] com.example.demo.DemoApplicationTests 651 logStartupProfileInfo - No active profile set, falling back to default profiles: default
2019-12-25 at 20:34:08 CST WARN  [Test worker] org.springframework.boot.autoconfigure.orm.jpa.JpaBaseConfiguration$JpaWebConfiguration 220 openEntityManagerInViewInterceptor - spring.jpa.open-in-view is enabled by default. Therefore, database queries may be performed during view rendering. Explicitly configure spring.jpa.open-in-view to disable this warning
2019-12-25 at 20:34:09 CST INFO  [Test worker] com.example.demo.DemoApplicationTests 61 logStarted - Started DemoApplicationTests in 8.181 seconds (JVM running for 10.168)
2019-12-25 at 20:35:56 CST INFO  [Test worker] com.example.demo.DemoApplicationTests 55 logStarting - Starting DemoApplicationTests on PC-20190922WBTO with PID 8304 (started by Administrator in E:\Projects\demo)
2019-12-25 at 20:35:56 CST INFO  [Test worker] com.example.demo.DemoApplicationTests 651 logStartupProfileInfo - No active profile set, falling back to default profiles: default
2019-12-25 at 20:36:02 CST WARN  [Test worker] org.springframework.boot.autoconfigure.orm.jpa.JpaBaseConfiguration$JpaWebConfiguration 220 openEntityManagerInViewInterceptor - spring.jpa.open-in-view is enabled by default. Therefore, database queries may be performed during view rendering. Explicitly configure spring.jpa.open-in-view to disable this warning
2019-12-25 at 20:36:03 CST INFO  [Test worker] com.example.demo.DemoApplicationTests 61 logStarted - Started DemoApplicationTests in 8.248 seconds (JVM running for 10.246)
2019-12-25 at 20:37:59 CST INFO  [Test worker] com.example.demo.DemoApplicationTests 55 logStarting - Starting DemoApplicationTests on PC-20190922WBTO with PID 8804 (started by Administrator in E:\Projects\demo)
2019-12-25 at 20:37:59 CST INFO  [Test worker] com.example.demo.DemoApplicationTests 651 logStartupProfileInfo - No active profile set, falling back to default profiles: default
2019-12-25 at 20:38:05 CST WARN  [Test worker] org.springframework.web.context.support.GenericWebApplicationContext 558 refresh - Exception encountered during context initialization - cancelling refresh attempt: org.springframework.beans.factory.UnsatisfiedDependencyException: Error creating bean with name 'studentController': Unsatisfied dependency expressed through field 'studentDaoImpl'; nested exception is org.springframework.beans.factory.NoSuchBeanDefinitionException: No qualifying bean of type 'com.example.dao.impl.StudentDaoImpl' available: expected at least 1 bean which qualifies as autowire candidate. Dependency annotations: {@org.springframework.beans.factory.annotation.Autowired(required=true)}
2019-12-25 at 20:39:47 CST INFO  [Test worker] com.example.demo.DemoApplicationTests 55 logStarting - Starting DemoApplicationTests on PC-20190922WBTO with PID 10060 (started by Administrator in E:\Projects\demo)
2019-12-25 at 20:39:47 CST INFO  [Test worker] com.example.demo.DemoApplicationTests 651 logStartupProfileInfo - No active profile set, falling back to default profiles: default
2019-12-25 at 20:39:53 CST WARN  [Test worker] org.springframework.web.context.support.GenericWebApplicationContext 558 refresh - Exception encountered during context initialization - cancelling refresh attempt: org.springframework.beans.factory.UnsatisfiedDependencyException: Error creating bean with name 'studentController': Unsatisfied dependency expressed through field 'studentDaoImpl'; nested exception is org.springframework.beans.factory.NoSuchBeanDefinitionException: No qualifying bean of type 'com.example.dao.impl.StudentDaoImpl' available: expected at least 1 bean which qualifies as autowire candidate. Dependency annotations: {@org.springframework.beans.factory.annotation.Autowired(required=true)}
2019-12-25 at 20:59:11 CST INFO  [Test worker] com.example.demo.DemoApplicationTests 55 logStarting - Starting DemoApplicationTests on PC-20190922WBTO with PID 10308 (started by Administrator in E:\Projects\demo)
2019-12-25 at 20:59:11 CST INFO  [Test worker] com.example.demo.DemoApplicationTests 651 logStartupProfileInfo - No active profile set, falling back to default profiles: default
2019-12-25 at 20:59:17 CST WARN  [Test worker] org.springframework.web.context.support.GenericWebApplicationContext 558 refresh - Exception encountered during context initialization - cancelling refresh attempt: org.springframework.beans.factory.UnsatisfiedDependencyException: Error creating bean with name 'studentController': Unsatisfied dependency expressed through field 'studentDaoImpl'; nested exception is org.springframework.beans.factory.NoSuchBeanDefinitionException: No qualifying bean of type 'com.example.dao.impl.StudentDaoImpl' available: expected at least 1 bean which qualifies as autowire candidate. Dependency annotations: {@org.springframework.beans.factory.annotation.Autowired(required=true)}
2019-12-25 at 21:00:08 CST INFO  [Test worker] com.example.demo.DemoApplicationTests 55 logStarting - Starting DemoApplicationTests on PC-20190922WBTO with PID 11208 (started by Administrator in E:\Projects\demo)
2019-12-25 at 21:00:08 CST INFO  [Test worker] com.example.demo.DemoApplicationTests 651 logStartupProfileInfo - No active profile set, falling back to default profiles: default
2019-12-25 at 21:00:15 CST WARN  [Test worker] org.springframework.boot.autoconfigure.orm.jpa.JpaBaseConfiguration$JpaWebConfiguration 220 openEntityManagerInViewInterceptor - spring.jpa.open-in-view is enabled by default. Therefore, database queries may be performed during view rendering. Explicitly configure spring.jpa.open-in-view to disable this warning
2019-12-25 at 21:00:16 CST INFO  [Test worker] com.example.demo.DemoApplicationTests 61 logStarted - Started DemoApplicationTests in 8.222 seconds (JVM running for 10.211)
2019-12-25 at 21:06:26 CST INFO  [Test worker] com.example.demo.DemoApplicationTests 55 logStarting - Starting DemoApplicationTests on PC-20190922WBTO with PID 7468 (started by Administrator in E:\Projects\demo)
2019-12-25 at 21:06:26 CST INFO  [Test worker] com.example.demo.DemoApplicationTests 651 logStartupProfileInfo - No active profile set, falling back to default profiles: default
2019-12-25 at 21:06:32 CST WARN  [Test worker] org.springframework.boot.autoconfigure.orm.jpa.JpaBaseConfiguration$JpaWebConfiguration 220 openEntityManagerInViewInterceptor - spring.jpa.open-in-view is enabled by default. Therefore, database queries may be performed during view rendering. Explicitly configure spring.jpa.open-in-view to disable this warning
2019-12-25 at 21:06:34 CST INFO  [Test worker] com.example.demo.DemoApplicationTests 61 logStarted - Started DemoApplicationTests in 8.244 seconds (JVM running for 10.229)
2019-12-25 at 21:50:41 CST INFO  [Test worker] com.example.demo.DemoApplicationTests 55 logStarting - Starting DemoApplicationTests on PC-20190922WBTO with PID 10668 (started by Administrator in E:\Projects\demo)
2019-12-25 at 21:50:41 CST INFO  [Test worker] com.example.demo.DemoApplicationTests 651 logStartupProfileInfo - No active profile set, falling back to default profiles: default
2019-12-25 at 21:50:48 CST WARN  [Test worker] org.springframework.boot.autoconfigure.orm.jpa.JpaBaseConfiguration$JpaWebConfiguration 220 openEntityManagerInViewInterceptor - spring.jpa.open-in-view is enabled by default. Therefore, database queries may be performed during view rendering. Explicitly configure spring.jpa.open-in-view to disable this warning
2019-12-25 at 21:50:49 CST INFO  [Test worker] com.example.demo.DemoApplicationTests 61 logStarted - Started DemoApplicationTests in 8.284 seconds (JVM running for 10.298)
2019-12-25 at 21:52:31 CST INFO  [Test worker] com.example.demo.DemoApplicationTests 55 logStarting - Starting DemoApplicationTests on PC-20190922WBTO with PID 10784 (started by Administrator in E:\Projects\demo)
2019-12-25 at 21:52:31 CST INFO  [Test worker] com.example.demo.DemoApplicationTests 651 logStartupProfileInfo - No active profile set, falling back to default profiles: default
2019-12-25 at 21:52:37 CST WARN  [Test worker] org.springframework.boot.autoconfigure.orm.jpa.JpaBaseConfiguration$JpaWebConfiguration 220 openEntityManagerInViewInterceptor - spring.jpa.open-in-view is enabled by default. Therefore, database queries may be performed during view rendering. Explicitly configure spring.jpa.open-in-view to disable this warning
2019-12-25 at 21:52:39 CST INFO  [Test worker] com.example.demo.DemoApplicationTests 61 logStarted - Started DemoApplicationTests in 8.28 seconds (JVM running for 10.26)
2019-12-25 at 21:56:08 CST INFO  [Test worker] com.example.demo.DemoApplicationTests 55 logStarting - Starting DemoApplicationTests on PC-20190922WBTO with PID 10476 (started by Administrator in E:\Projects\demo)
2019-12-25 at 21:56:08 CST INFO  [Test worker] com.example.demo.DemoApplicationTests 651 logStartupProfileInfo - No active profile set, falling back to default profiles: default
2019-12-25 at 21:56:14 CST WARN  [Test worker] org.springframework.boot.autoconfigure.orm.jpa.JpaBaseConfiguration$JpaWebConfiguration 220 openEntityManagerInViewInterceptor - spring.jpa.open-in-view is enabled by default. Therefore, database queries may be performed during view rendering. Explicitly configure spring.jpa.open-in-view to disable this warning
2019-12-25 at 21:56:16 CST INFO  [Test worker] com.example.demo.DemoApplicationTests 61 logStarted - Started DemoApplicationTests in 8.363 seconds (JVM running for 10.344)
2019-12-25 at 22:05:10 CST INFO  [Test worker] com.example.demo.DemoApplicationTests 55 logStarting - Starting DemoApplicationTests on PC-20190922WBTO with PID 9384 (started by Administrator in E:\Projects\demo)
2019-12-25 at 22:05:10 CST INFO  [Test worker] com.example.demo.DemoApplicationTests 651 logStartupProfileInfo - No active profile set, falling back to default profiles: default
2019-12-25 at 22:05:16 CST WARN  [Test worker] org.springframework.boot.autoconfigure.orm.jpa.JpaBaseConfiguration$JpaWebConfiguration 220 openEntityManagerInViewInterceptor - spring.jpa.open-in-view is enabled by default. Therefore, database queries may be performed during view rendering. Explicitly configure spring.jpa.open-in-view to disable this warning
2019-12-25 at 22:05:18 CST INFO  [Test worker] com.example.demo.DemoApplicationTests 61 logStarted - Started DemoApplicationTests in 8.165 seconds (JVM running for 10.144)
2019-12-25 at 22:11:36 CST INFO  [Test worker] com.example.demo.DemoApplicationTests 55 logStarting - Starting DemoApplicationTests on PC-20190922WBTO with PID 10752 (started by Administrator in E:\Projects\demo)
2019-12-25 at 22:11:36 CST INFO  [Test worker] com.example.demo.DemoApplicationTests 651 logStartupProfileInfo - No active profile set, falling back to default profiles: default
2019-12-25 at 22:11:42 CST WARN  [Test worker] org.springframework.boot.autoconfigure.orm.jpa.JpaBaseConfiguration$JpaWebConfiguration 220 openEntityManagerInViewInterceptor - spring.jpa.open-in-view is enabled by default. Therefore, database queries may be performed during view rendering. Explicitly configure spring.jpa.open-in-view to disable this warning
2019-12-25 at 22:11:43 CST INFO  [Test worker] com.example.demo.DemoApplicationTests 61 logStarted - Started DemoApplicationTests in 8.231 seconds (JVM running for 10.217)
2019-12-25 at 22:19:57 CST INFO  [Test worker] com.example.demo.DemoApplicationTests 55 logStarting - Starting DemoApplicationTests on PC-20190922WBTO with PID 9220 (started by Administrator in E:\Projects\demo)
2019-12-25 at 22:19:57 CST INFO  [Test worker] com.example.demo.DemoApplicationTests 651 logStartupProfileInfo - No active profile set, falling back to default profiles: default
2019-12-25 at 22:20:03 CST WARN  [Test worker] org.springframework.boot.autoconfigure.orm.jpa.JpaBaseConfiguration$JpaWebConfiguration 220 openEntityManagerInViewInterceptor - spring.jpa.open-in-view is enabled by default. Therefore, database queries may be performed during view rendering. Explicitly configure spring.jpa.open-in-view to disable this warning
2019-12-25 at 22:20:05 CST INFO  [Test worker] com.example.demo.DemoApplicationTests 61 logStarted - Started DemoApplicationTests in 8.03 seconds (JVM running for 10.014)
2019-12-25 at 22:24:24 CST INFO  [Test worker] com.example.demo.DemoApplicationTests 55 logStarting - Starting DemoApplicationTests on PC-20190922WBTO with PID 10808 (started by Administrator in E:\Projects\demo)
2019-12-25 at 22:24:24 CST INFO  [Test worker] com.example.demo.DemoApplicationTests 651 logStartupProfileInfo - No active profile set, falling back to default profiles: default
2019-12-25 at 22:24:30 CST WARN  [Test worker] org.springframework.boot.autoconfigure.orm.jpa.JpaBaseConfiguration$JpaWebConfiguration 220 openEntityManagerInViewInterceptor - spring.jpa.open-in-view is enabled by default. Therefore, database queries may be performed during view rendering. Explicitly configure spring.jpa.open-in-view to disable this warning
2019-12-25 at 22:24:31 CST INFO  [Test worker] com.example.demo.DemoApplicationTests 61 logStarted - Started DemoApplicationTests in 7.956 seconds (JVM running for 9.937)
2019-12-25 at 22:31:47 CST INFO  [Test worker] com.example.demo.DemoApplicationTests 55 logStarting - Starting DemoApplicationTests on PC-20190922WBTO with PID 10800 (started by Administrator in E:\Projects\demo)
2019-12-25 at 22:31:47 CST INFO  [Test worker] com.example.demo.DemoApplicationTests 651 logStartupProfileInfo - No active profile set, falling back to default profiles: default
2019-12-25 at 22:31:53 CST WARN  [Test worker] org.springframework.boot.autoconfigure.orm.jpa.JpaBaseConfiguration$JpaWebConfiguration 220 openEntityManagerInViewInterceptor - spring.jpa.open-in-view is enabled by default. Therefore, database queries may be performed during view rendering. Explicitly configure spring.jpa.open-in-view to disable this warning
2019-12-25 at 22:31:55 CST INFO  [Test worker] com.example.demo.DemoApplicationTests 61 logStarted - Started DemoApplicationTests in 8.391 seconds (JVM running for 10.391)
